#
# A fatal error has been detected by the Java Runtime Environment:
#
#  EXCEPTION_ACCESS_VIOLATION (0xc0000005) at pc=0x000000000b13d930, pid=6244, tid=9852
#
# JRE version: 7.0_02-b13
# Java VM: Java HotSpot(TM) 64-Bit Server VM (22.0-b10 mixed mode windows-amd64 compressed oops)
# Problematic frame:
# C  [atio6axx.dll+0x24d930]
#
# Failed to write core dump. Minidumps are not enabled by default on client versions of Windows
#
# If you would like to submit a bug report, please visit:
#   http://bugreport.sun.com/bugreport/crash.jsp
# The crash happened outside the Java Virtual Machine in native code.
# See problematic frame for where to report the bug.
#

---------------  T H R E A D  ---------------

Current thread (0x00000000082b8000):  JavaThread "LWJGL Application" [_thread_in_native, id=9852, stack(0x000000000adf0000,0x000000000aef0000)]

siginfo: ExceptionCode=0xc0000005, reading address 0x0000000000000000

Registers:
RAX=0x0000000000000008, RBX=0x0000000000000002, RCX=0x0000000012c4d000, RDX=0x0000000000000000
RSP=0x000000000aeee210, RBP=0x0000000000000002, RSI=0x00000000000005e8, RDI=0x0000000000000000
R8 =0x0000000012c4d009, R9 =0x000000000aeee250, R10=0x0000000012c4d010, R11=0x0000000012c4d000
R12=0x000000000c490668, R13=0x000000000c46bac0, R14=0x00000000000005e8, R15=0x0000000000000000
RIP=0x000000000b13d930, EFLAGS=0x0000000000010293

Top of Stack: (sp=0x000000000aeee210)
0x000000000aeee210:   0000000000000000 0000000000000009
0x000000000aeee220:   0000000000000002 0000000000000040
0x000000000aeee230:   000000000ffb1b40 000000001096d900
0x000000000aeee240:   0000000000000000 000000000b73e8cb
0x000000000aeee250:   0000000000000000 0000001000000010
0x000000000aeee260:   000000000024aff0 0000000800000014
0x000000000aeee270:   0000000000000000 000000000a6242c0
0x000000000aeee280:   00000006fb37c3b8 000000000d5d2ea0
0x000000000aeee290:   000000001019e9b0 000000000aeee350
0x000000000aeee2a0:   000000000a63ea60 000000000d5d2ea0
0x000000000aeee2b0:   000000000fee5930 0000000000000000
0x000000000aeee2c0:   0000000000000000 000000000003fc00
0x000000000aeee2d0:   000000000aeee3e0 000000000b73f344
0x000000000aeee2e0:   0000000000000000 000000000a6242c0
0x000000000aeee2f0:   0000000000000000 000000000d5d2ea0
0x000000000aeee300:   000000000003fc00 000000000aeee3c0 

Instructions: (pc=0x000000000b13d930)
0x000000000b13d910:   45 8b 51 0c 49 8b 39 4c 03 d1 48 8b d7 4d 8d 42
0x000000000b13d920:   f9 49 3b c8 73 1e 66 66 0f 1f 84 00 00 00 00 00
0x000000000b13d930:   48 8b 02 48 83 c1 08 48 83 c2 08 48 89 41 f8 49
0x000000000b13d940:   3b c8 72 ec 4d 8d 42 fd 49 3b c8 73 12 48 2b d1 


Register to memory mapping:

RAX=0x0000000000000008 is an unknown value
RBX=0x0000000000000002 is an unknown value
RCX=0x0000000012c4d000 is an unknown value
RDX=0x0000000000000000 is an unknown value
RSP=0x000000000aeee210 is pointing into the stack for thread: 0x00000000082b8000
RBP=0x0000000000000002 is an unknown value
RSI=0x00000000000005e8 is an unknown value
RDI=0x0000000000000000 is an unknown value
R8 =0x0000000012c4d009 is an unknown value
R9 =0x000000000aeee250 is pointing into the stack for thread: 0x00000000082b8000
R10=0x0000000012c4d010 is an unknown value
R11=0x0000000012c4d000 is an unknown value
R12=0x000000000c490668 is an unknown value
R13=0x000000000c46bac0 is an unknown value
R14=0x00000000000005e8 is an unknown value
R15=0x0000000000000000 is an unknown value


Stack: [0x000000000adf0000,0x000000000aef0000],  sp=0x000000000aeee210,  free space=1016k
Native frames: (J=compiled Java code, j=interpreted, Vv=VM code, C=native code)
C  [atio6axx.dll+0x24d930]  DrvPresentBuffers+0x20cb20

Java frames: (J=compiled Java code, j=interpreted, Vv=VM code)
j  org.lwjgl.opengl.GL11.nglDrawElements(IIIJJ)V+0
j  org.lwjgl.opengl.GL11.glDrawElements(ILjava/nio/ShortBuffer;)V+34
j  com.badlogic.gdx.backends.lwjgl.LwjglGL20.glDrawElements(IIILjava/nio/Buffer;)V+21
j  com.badlogic.gdx.graphics.Mesh.render(Lcom/badlogic/gdx/graphics/glutils/ShaderProgram;III)V+111
j  com.badlogic.gdx.graphics.g2d.SpriteBatch.renderMesh()V+187
j  com.badlogic.gdx.graphics.g2d.SpriteBatch.switchTexture(Lcom/badlogic/gdx/graphics/Texture;)V+1
j  com.badlogic.gdx.graphics.g2d.SpriteBatch.draw(Lcom/badlogic/gdx/graphics/g2d/TextureRegion;FFFF)V+35
j  com.dafttech.terra.world.entities.Entity.draw(Lcom/dafttech/terra/graphics/AbstractScreen;Lcom/dafttech/terra/world/entities/Player;)V+48
j  com.dafttech.terra.graphics.passes.PassObjects.applyPass(Lcom/dafttech/terra/graphics/AbstractScreen;Lcom/dafttech/terra/world/entities/Player;Lcom/dafttech/terra/world/World;)V+268
j  com.dafttech.terra.world.World.draw(Lcom/dafttech/terra/graphics/AbstractScreen;Lcom/dafttech/terra/world/entities/Player;)V+7
j  com.dafttech.terra.game.ScreenIngame.render(F)V+37
j  com.badlogic.gdx.Game.render()V+19
j  com.dafttech.terra.TerraInfinita.render()V+1
j  com.badlogic.gdx.backends.lwjgl.LwjglApplication.mainLoop()V+491
j  com.badlogic.gdx.backends.lwjgl.LwjglApplication$1.run()V+27
v  ~StubRoutines::call_stub

---------------  P R O C E S S  ---------------

Java Threads: ( => current thread )
  0x000000000046d000 JavaThread "DestroyJavaVM" [_thread_blocked, id=156, stack(0x0000000002150000,0x0000000002250000)]
=>0x00000000082b8000 JavaThread "LWJGL Application" [_thread_in_native, id=9852, stack(0x000000000adf0000,0x000000000aef0000)]
  0x0000000006c84800 JavaThread "Service Thread" daemon [_thread_blocked, id=8656, stack(0x0000000007f30000,0x0000000008030000)]
  0x0000000006c80000 JavaThread "C2 CompilerThread1" daemon [_thread_blocked, id=9916, stack(0x0000000007d70000,0x0000000007e70000)]
  0x0000000006c79000 JavaThread "C2 CompilerThread0" daemon [_thread_blocked, id=6784, stack(0x0000000007820000,0x0000000007920000)]
  0x0000000006c78000 JavaThread "Attach Listener" daemon [_thread_blocked, id=7016, stack(0x0000000007500000,0x0000000007600000)]
  0x0000000006c77000 JavaThread "Signal Dispatcher" daemon [_thread_blocked, id=3364, stack(0x0000000007a90000,0x0000000007b90000)]
  0x0000000006bf3000 JavaThread "Finalizer" daemon [_thread_blocked, id=8504, stack(0x0000000007990000,0x0000000007a90000)]
  0x0000000006beb000 JavaThread "Reference Handler" daemon [_thread_blocked, id=8032, stack(0x0000000007700000,0x0000000007800000)]

Other Threads:
  0x0000000006be0800 VMThread [stack: 0x0000000007600000,0x0000000007700000] [id=6484]
  0x0000000006c9f800 WatcherThread [stack: 0x00000000080f0000,0x00000000081f0000] [id=1652]

VM state:not at safepoint (normal execution)

VM Mutex/Monitor currently owned by a thread: None

Heap
 PSYoungGen      total 76416K, used 23496K [0x00000007aac00000, 0x00000007b4140000, 0x0000000800000000)
  eden space 65536K, 19% used [0x00000007aac00000,0x00000007ab856f40,0x00000007aec00000)
  from space 10880K, 99% used [0x00000007aec00000,0x00000007af69b130,0x00000007af6a0000)
  to   space 10880K, 0% used [0x00000007b36a0000,0x00000007b36a0000,0x00000007b4140000)
 PSOldGen        total 174592K, used 46101K [0x0000000700400000, 0x000000070ae80000, 0x00000007aac00000)
  object space 174592K, 26% used [0x0000000700400000,0x00000007031057e0,0x000000070ae80000)
 PSPermGen       total 21248K, used 5671K [0x00000006fb200000, 0x00000006fc6c0000, 0x0000000700400000)
  object space 21248K, 26% used [0x00000006fb200000,0x00000006fb789dd0,0x00000006fc6c0000)

Code Cache  [0x0000000002250000, 0x00000000024c0000, 0x0000000005250000)
 total_blobs=394 nmethods=41 adapters=306 free_code_cache=48627Kb largest_free_block=49776320

Dynamic libraries:
0x000000013fde0000 - 0x000000013fe13000 	C:\Program Files\Java\jre7\bin\javaw.exe
0x0000000077b50000 - 0x0000000077cf9000 	C:\Windows\SYSTEM32\ntdll.dll
0x00000000776c0000 - 0x00000000777df000 	C:\Windows\system32\kernel32.dll
0x000007fefe1f0000 - 0x000007fefe25b000 	C:\Windows\system32\KERNELBASE.dll
0x000007feffb60000 - 0x000007feffc3b000 	C:\Windows\system32\ADVAPI32.dll
0x000007feffc40000 - 0x000007feffcdf000 	C:\Windows\system32\msvcrt.dll
0x000007fefe380000 - 0x000007fefe39f000 	C:\Windows\SYSTEM32\sechost.dll
0x000007feffa30000 - 0x000007feffb5d000 	C:\Windows\system32\RPCRT4.dll
0x00000000775c0000 - 0x00000000776ba000 	C:\Windows\system32\USER32.dll
0x000007feff650000 - 0x000007feff6b7000 	C:\Windows\system32\GDI32.dll
0x000007feff640000 - 0x000007feff64e000 	C:\Windows\system32\LPK.dll
0x000007fefe3a0000 - 0x000007fefe469000 	C:\Windows\system32\USP10.dll
0x000007fefd1b0000 - 0x000007fefd3a4000 	C:\Windows\WinSxS\amd64_microsoft.windows.common-controls_6595b64144ccf1df_6.0.7601.17514_none_fa396087175ac9ac\COMCTL32.dll
0x000007feff8d0000 - 0x000007feff941000 	C:\Windows\system32\SHLWAPI.dll
0x000007feff8a0000 - 0x000007feff8ce000 	C:\Windows\system32\IMM32.DLL
0x000007fefe470000 - 0x000007fefe579000 	C:\Windows\system32\MSCTF.dll
0x0000000078af0000 - 0x0000000078bc1000 	C:\Program Files\Java\jre7\bin\msvcr100.dll
0x000000006d0f0000 - 0x000000006d7ca000 	C:\Program Files\Java\jre7\bin\server\jvm.dll
0x000007fee3d40000 - 0x000007fee3d49000 	C:\Windows\system32\WSOCK32.dll
0x000007fefe640000 - 0x000007fefe68d000 	C:\Windows\system32\WS2_32.dll
0x000007fefe690000 - 0x000007fefe698000 	C:\Windows\system32\NSI.dll
0x000007fefbbd0000 - 0x000007fefbc0b000 	C:\Windows\system32\WINMM.dll
0x0000000077d20000 - 0x0000000077d27000 	C:\Windows\system32\PSAPI.DLL
0x0000000000400000 - 0x000000000040f000 	C:\Program Files\Java\jre7\bin\verify.dll
0x000000006cba0000 - 0x000000006cbc8000 	C:\Program Files\Java\jre7\bin\java.dll
0x000000006d0c0000 - 0x000000006d0d5000 	C:\Program Files\Java\jre7\bin\zip.dll
0x0000000065580000 - 0x000000006560d000 	C:\Users\Fabian\AppData\Local\Temp\libgdxFabian\123946040\gdx64.dll
0x0000000180000000 - 0x0000000180050000 	C:\Users\Fabian\AppData\Local\Temp\libgdxFabian\27538956\lwjgl64.dll
0x000007feed710000 - 0x000007feed82d000 	C:\Windows\system32\OPENGL32.dll
0x000007feed6e0000 - 0x000007feed70d000 	C:\Windows\system32\GLU32.dll
0x000007feed5e0000 - 0x000007feed6d1000 	C:\Windows\system32\DDRAW.dll
0x000007feed5d0000 - 0x000007feed5d8000 	C:\Windows\system32\DCIMAN32.dll
0x000007feff6c0000 - 0x000007feff897000 	C:\Windows\system32\SETUPAPI.dll
0x000007fefe340000 - 0x000007fefe376000 	C:\Windows\system32\CFGMGR32.dll
0x000007feffd80000 - 0x000007feffe57000 	C:\Windows\system32\OLEAUT32.dll
0x000007fefe6a0000 - 0x000007fefe8a3000 	C:\Windows\system32\ole32.dll
0x000007fefe060000 - 0x000007fefe07a000 	C:\Windows\system32\DEVOBJ.dll
0x000007fefbed0000 - 0x000007fefbee8000 	C:\Windows\system32\dwmapi.dll
0x000007fefcee0000 - 0x000007fefceec000 	C:\Windows\system32\VERSION.dll
0x00000000004f0000 - 0x0000000000552000 	C:\Users\Fabian\AppData\Local\Temp\libgdxFabian\27538956\OpenAL64.dll
0x000007fefe8b0000 - 0x000007feff638000 	C:\Windows\system32\SHELL32.dll
0x000007fefdee0000 - 0x000007fefdeef000 	C:\Windows\system32\CRYPTBASE.dll
0x000007fefbf90000 - 0x000007fefbfe6000 	C:\Windows\system32\uxtheme.dll
0x0000000053520000 - 0x0000000053554000 	C:\Fraps\fraps64.dll
0x000007feef7e0000 - 0x000007feef800000 	C:\Program Files (x86)\TeamViewer\Version8\tv_x64.dll
0x000007feffce0000 - 0x000007feffd79000 	C:\Windows\system32\CLBCatQ.DLL
0x000007fefc040000 - 0x000007fefc16c000 	C:\Windows\System32\PROPSYS.dll
0x000007fefe300000 - 0x000007fefe339000 	C:\Windows\system32\WINTRUST.dll
0x000007fefe080000 - 0x000007fefe1ea000 	C:\Windows\system32\CRYPT32.dll
0x000007fefe050000 - 0x000007fefe05f000 	C:\Windows\system32\MSASN1.dll
0x000007feec870000 - 0x000007feec8f8000 	C:\Windows\system32\dsound.dll
0x000007fefc880000 - 0x000007fefc8ac000 	C:\Windows\system32\POWRPROF.dll
0x000007fefc170000 - 0x000007fefc1bb000 	C:\Windows\System32\MMDevApi.dll
0x000007fefa360000 - 0x000007fefa3af000 	C:\Windows\system32\AUDIOSES.DLL
0x000007feed5c0000 - 0x000007feed5c9000 	C:\Windows\system32\atig6pxx.dll
0x000000000aef0000 - 0x000000000c5d3000 	C:\Windows\system32\atio6axx.dll
0x000007feeff90000 - 0x000007fef0036000 	C:\Windows\system32\atiadlxx.dll
0x000007fefcd70000 - 0x000007fefcd8e000 	C:\Windows\system32\USERENV.dll
0x000007fefdfb0000 - 0x000007fefdfbf000 	C:\Windows\system32\profapi.dll
0x000007fefcac0000 - 0x000007fefcad1000 	C:\Windows\system32\WTSAPI32.dll
0x000007fefc9a0000 - 0x000007fefc9c7000 	C:\Windows\system32\IPHLPAPI.DLL
0x000007fefc990000 - 0x000007fefc99b000 	C:\Windows\system32\WINNSI.DLL
0x000007feeef50000 - 0x000007feef06e000 	C:\Windows\system32\aticfx64.dll
0x000007feec830000 - 0x000007feec83e000 	C:\Windows\system32\atig6txx.dll
0x000007fefa0c0000 - 0x000007fefa15c000 	C:\Windows\system32\mscms.dll
0x000007fefb100000 - 0x000007fefb142000 	C:\Windows\system32\icm32.dll
0x00000000065f0000 - 0x000000000662b000 	C:\Program Files (x86)\DisplayFusion\Hooks\AppHookx64_9EF19BB2-DC51-4C3D-AA61-AF467F3AA54E.dll

VM Arguments:
jvm_args: -Dfile.encoding=Cp1252 
java_command: com.dafttech.terra.DesktopStarter
Launcher Type: SUN_STANDARD

Environment Variables:
CLASSPATH=.;C:\Program Files (x86)\Java\jre7\lib\ext\QTJava.zip
PATH=C:\Program Files (x86)\AMD APP\bin\x86_64;C:\Program Files (x86)\AMD APP\bin\x86;C:\Program Files (x86)\NVIDIA Corporation\PhysX\Common;C:\Python33\;C:\MinGW\bin;C:\WINDOWS;C:\WINDOWS\system32;C:\Program Files\Java\jre7\bin;C:\Program Files\Common Files\Autodesk Shared\;C:\Program Files (x86)\Autodesk\Backburner\;C:\Program Files (x86)\GnuWin32\bin;C:\Windows\system32;C:\Program Files (x86)\Nmap;C:\Program Files (x86)\iis express\PHP\v5.3;C:\Program Files (x86)\QuickTime\QTSystem\;C:\Program Files (x86)\ATI Technologies\ATI.ACE\Core-Static;C:\Program Files\MySQL\MySQL Server 5.1\bin;C:\Users\Fabian\AppData\Roaming\npm;C:\Program Files (x86)\nodejs\;C:\Program Files\Microsoft\Web Platform Installer\;C:\Program Files (x86)\Nmap
USERNAME=Fabian
OS=Windows_NT
PROCESSOR_IDENTIFIER=Intel64 Family 6 Model 42 Stepping 7, GenuineIntel



---------------  S Y S T E M  ---------------

OS: Windows 7 , 64 bit Build 7601 Service Pack 1

CPU:total 8 (4 cores per cpu, 2 threads per core) family 6 model 42 stepping 7, cmov, cx8, fxsr, mmx, sse, sse2, sse3, ssse3, sse4.1, sse4.2, popcnt, ht

Memory: 4k page, physical 16759472k(9254336k free), swap 33517084k(24620264k free)

vm_info: Java HotSpot(TM) 64-Bit Server VM (22.0-b10) for windows-amd64 JRE (1.7.0_02-b13), built on Nov 17 2011 13:51:15 by "java_re" with unknown MS VC++:1600

time: Thu Jun 13 19:28:59 2013
elapsed time: 0 seconds

